<?xml version="1.0" encoding="UTF-8"?>
<!-- Generated by org.testng.reporters.JUnitReportReporter -->
<testsuite skipped="0" hostname="user" name="sovimal.olymicid.tests.Olymicid_HomePageTest" tests="1" failures="0" timestamp="30 Jul 2020 00:58:24 GMT" time="30.013" errors="0">
  <testcase name="verifyEmailID" time="30.013" classname="sovimal.olymicid.tests.Olymicid_HomePageTest"/>
</testsuite> <!-- sovimal.olymicid.tests.Olymicid_HomePageTest -->
